c:\users\casper\desktop\casper\via\embedded\assignment1\eswproject\esw\linkedlistassignment\linkedlistassignment\debug\vc142.pdb
c:\users\casper\desktop\casper\via\embedded\assignment1\eswproject\esw\linkedlistassignment\linkedlistassignment\debug\vc142.idb
c:\users\casper\desktop\casper\via\embedded\assignment1\eswproject\esw\linkedlistassignment\linkedlistassignment\debug\teacher.obj
c:\users\casper\desktop\casper\via\embedded\assignment1\eswproject\esw\linkedlistassignment\linkedlistassignment\debug\student.obj
c:\users\casper\desktop\casper\via\embedded\assignment1\eswproject\esw\linkedlistassignment\linkedlistassignment\debug\mystrings.obj
c:\users\casper\desktop\casper\via\embedded\assignment1\eswproject\esw\linkedlistassignment\linkedlistassignment\debug\main.obj
c:\users\casper\desktop\casper\via\embedded\assignment1\eswproject\esw\linkedlistassignment\linkedlistassignment\debug\enrollment.obj
c:\users\casper\desktop\casper\via\embedded\assignment1\eswproject\esw\linkedlistassignment\linkedlistassignment\debug\course.obj
c:\users\erikv\desktop\linkedlist\esw\linkedlistassignment\linkedlistassignment\debug\vc142.pdb
c:\users\erikv\desktop\linkedlist\esw\linkedlistassignment\linkedlistassignment\debug\vc142.idb
c:\users\erikv\desktop\linkedlist\esw\linkedlistassignment\linkedlistassignment\debug\teacher.obj
c:\users\erikv\desktop\linkedlist\esw\linkedlistassignment\linkedlistassignment\debug\student.obj
c:\users\erikv\desktop\linkedlist\esw\linkedlistassignment\linkedlistassignment\debug\mystrings.obj
c:\users\erikv\desktop\linkedlist\esw\linkedlistassignment\linkedlistassignment\debug\main.obj
c:\users\erikv\desktop\linkedlist\esw\linkedlistassignment\linkedlistassignment\debug\enrollment.obj
c:\users\erikv\desktop\linkedlist\esw\linkedlistassignment\linkedlistassignment\debug\course.obj
c:\users\erikv\desktop\linkedlist\esw\linkedlistassignment\linkedlistassignment\debug\assignment.obj
c:\users\casper\desktop\casper\via\embedded\assignment1\eswproject\esw\linkedlistassignment\debug\linkedlistassignment.exe
c:\users\casper\desktop\casper\via\embedded\assignment1\eswproject\esw\linkedlistassignment\debug\linkedlistassignment.ilk
c:\users\casper\desktop\casper\via\embedded\assignment1\eswproject\esw\linkedlistassignment\debug\linkedlistassignment.pdb
c:\users\erikv\desktop\linkedlist\esw\linkedlistassignment\debug\linkedlistassignment.pdb
c:\users\erikv\desktop\linkedlist\esw\linkedlistassignment\linkedlistassignment\debug\linkedli.d97a2eb4.tlog\cl.command.1.tlog
c:\users\erikv\desktop\linkedlist\esw\linkedlistassignment\linkedlistassignment\debug\linkedli.d97a2eb4.tlog\cl.read.1.tlog
c:\users\erikv\desktop\linkedlist\esw\linkedlistassignment\linkedlistassignment\debug\linkedli.d97a2eb4.tlog\cl.write.1.tlog
c:\users\erikv\desktop\linkedlist\esw\linkedlistassignment\linkedlistassignment\debug\linkedli.d97a2eb4.tlog\link-cvtres.read.1.tlog
c:\users\erikv\desktop\linkedlist\esw\linkedlistassignment\linkedlistassignment\debug\linkedli.d97a2eb4.tlog\link-cvtres.write.1.tlog
c:\users\erikv\desktop\linkedlist\esw\linkedlistassignment\linkedlistassignment\debug\linkedli.d97a2eb4.tlog\link-rc.read.1.tlog
c:\users\erikv\desktop\linkedlist\esw\linkedlistassignment\linkedlistassignment\debug\linkedli.d97a2eb4.tlog\link-rc.write.1.tlog
c:\users\erikv\desktop\linkedlist\esw\linkedlistassignment\linkedlistassignment\debug\linkedli.d97a2eb4.tlog\link.command.1.tlog
c:\users\erikv\desktop\linkedlist\esw\linkedlistassignment\linkedlistassignment\debug\linkedli.d97a2eb4.tlog\link.read.1.tlog
c:\users\erikv\desktop\linkedlist\esw\linkedlistassignment\linkedlistassignment\debug\linkedli.d97a2eb4.tlog\link.write.1.tlog
